<?xml version="1.0" encoding="UTF-8"?>
<!-- Generated by org.testng.reporters.JUnitReportReporter -->
<testsuite hostname="DESKTOP-I5SV6OR" failures="0" tests="1" name="testScript.ManageNewsTest" time="9.821" errors="0" timestamp="2025-05-04T08:14:27 IST" skipped="0">
  <testcase classname="testScript.ManageNewsTest" name="manageNews" time="9.821"/>
</testsuite> <!-- testScript.ManageNewsTest -->
