<?xml version="1.0" encoding="UTF-8"?>
<!-- Generated by org.testng.reporters.JUnitReportReporter -->
<testsuite hostname="DESKTOP-I5SV6OR" failures="0" tests="1" name="testScript.LogoutTest" time="15.912" errors="0" timestamp="2025-04-27T14:09:42 IST" skipped="0">
  <testcase classname="testScript.LogoutTest" name="logOutMethod" time="15.912"/>
</testsuite> <!-- testScript.LogoutTest -->
