<?xml version="1.0" encoding="UTF-8"?>
<!-- Generated by org.testng.reporters.JUnitReportReporter -->
<testsuite hostname="DESKTOP-I5SV6OR" failures="0" tests="1" name="testScript.ManageNewsTest" time="10.735" errors="0" timestamp="2025-04-27T11:53:46 IST" skipped="0">
  <testcase classname="testScript.ManageNewsTest" name="manageNews" time="10.735"/>
</testsuite> <!-- testScript.ManageNewsTest -->
