<?xml version="1.0" encoding="UTF-8"?>
<!-- Generated by org.testng.reporters.JUnitReportReporter -->
<testsuite hostname="DESKTOP-I5SV6OR" failures="0" tests="2" name="testScript.SubCategoryTest" time="23.811" errors="0" timestamp="2025-05-03T11:07:58 IST" skipped="0">
  <testcase classname="testScript.SubCategoryTest" name="updateSubCategory" time="11.036"/>
  <testcase classname="testScript.SubCategoryTest" name="addSubCategory" time="12.775"/>
</testsuite> <!-- testScript.SubCategoryTest -->
