<?xml version="1.0" encoding="UTF-8"?>
<!-- Generated by org.testng.reporters.JUnitReportReporter -->
<testsuite hostname="DESKTOP-I5SV6OR" failures="0" tests="1" name="testScript.ManageCategoryTest" time="15.430" errors="0" timestamp="2025-05-03T11:07:58 IST" skipped="0">
  <testcase classname="testScript.ManageCategoryTest" name="manageCategory" time="15.430"/>
</testsuite> <!-- testScript.ManageCategoryTest -->
