<?xml version="1.0" encoding="UTF-8"?>
<!-- Generated by org.testng.reporters.JUnitReportReporter -->
<testsuite hostname="DESKTOP-I5SV6OR" failures="0" tests="2" name="testScript.ManageFooterTextTest" time="31.154" errors="0" timestamp="2025-05-04T08:14:27 IST" skipped="0">
  <testcase classname="testScript.ManageFooterTextTest" name="manageFooter" time="19.284"/>
  <testcase classname="testScript.ManageFooterTextTest" name="checkifActionButtonIsPresent" time="11.870"/>
</testsuite> <!-- testScript.ManageFooterTextTest -->
