<?xml version="1.0" encoding="UTF-8"?>
<!-- Generated by org.testng.reporters.JUnitReportReporter -->
<testsuite hostname="DESKTOP-I5SV6OR" failures="0" tests="1" name="testScript.ManageContactTest" time="15.213" errors="0" timestamp="2025-04-27T18:46:23 IST" skipped="0">
  <testcase classname="testScript.ManageContactTest" name="manageContact" time="15.213"/>
</testsuite> <!-- testScript.ManageContactTest -->
