<?xml version="1.0" encoding="UTF-8"?>
<!-- Generated by org.testng.reporters.JUnitReportReporter -->
<testsuite hostname="DESKTOP-I5SV6OR" failures="0" tests="1" name="testScript.AdminUsersTest" time="12.940" errors="0" timestamp="2025-05-04T08:14:27 IST" skipped="0">
  <testcase classname="testScript.AdminUsersTest" name="adminUsers" time="12.940"/>
</testsuite> <!-- testScript.AdminUsersTest -->
