<?xml version="1.0" encoding="UTF-8"?>
<!-- Generated by org.testng.reporters.JUnitReportReporter -->
<testsuite hostname="DESKTOP-I5SV6OR" failures="0" tests="1" name="testScript.ManageContactTest" time="19.075" errors="0" timestamp="2025-05-04T08:22:17 IST" skipped="0">
  <testcase classname="testScript.ManageContactTest" name="manageContact" time="19.075"/>
</testsuite> <!-- testScript.ManageContactTest -->
