<?xml version="1.0" encoding="UTF-8"?>
<!-- Generated by org.testng.reporters.JUnitReportReporter -->
<testsuite hostname="DESKTOP-I5SV6OR" failures="0" tests="1" name="testScript.LogoutTest" time="8.473" errors="0" timestamp="2025-05-03T11:07:58 IST" skipped="0">
  <testcase classname="testScript.LogoutTest" name="logOutMethod" time="8.473"/>
</testsuite> <!-- testScript.LogoutTest -->
