<?xml version="1.0" encoding="UTF-8"?>
<!-- Generated by org.testng.reporters.JUnitReportReporter -->
<testsuite hostname="DESKTOP-I5SV6OR" failures="0" tests="1" name="testScript.ManageFooterTextTest" time="10.322" errors="0" timestamp="2025-04-27T17:21:21 IST" skipped="0">
  <testcase classname="testScript.ManageFooterTextTest" name="checkifActionButtonIsPresent" time="10.322"/>
</testsuite> <!-- testScript.ManageFooterTextTest -->
