<?xml version="1.0" encoding="UTF-8"?>
<!-- Generated by org.testng.reporters.JUnitReportReporter -->
<testsuite hostname="DESKTOP-I5SV6OR" failures="0" tests="1" name="testScript.LoginTest" time="11.842" errors="0" timestamp="2025-04-26T05:49:46 IST" skipped="0">
  <testcase classname="testScript.LoginTest" name="verifyWhetherTheUserIsAbleToLoginUsingValidCredentials" time="11.842"/>
</testsuite> <!-- testScript.LoginTest -->
