<?xml version="1.0" encoding="UTF-8"?>
<!-- Generated by org.testng.reporters.JUnitReportReporter -->
<testsuite hostname="DESKTOP-I5SV6OR" failures="0" tests="1" name="testScript.AdminUsersTest" time="13.210" errors="0" timestamp="2025-04-28T22:39:37 IST" skipped="0">
  <testcase classname="testScript.AdminUsersTest" name="adminUsers" time="13.210"/>
</testsuite> <!-- testScript.AdminUsersTest -->
