<?xml version="1.0" encoding="UTF-8"?>
<!-- Generated by org.testng.reporters.JUnitReportReporter -->
<testsuite hostname="DESKTOP-I5SV6OR" failures="0" tests="1" name="testScript.SubCategoryTest" time="16.796" errors="0" timestamp="2025-04-28T23:03:48 IST" skipped="0">
  <testcase classname="testScript.SubCategoryTest" name="addSubCategory" time="16.796"/>
</testsuite> <!-- testScript.SubCategoryTest -->
