<?xml version="1.0" encoding="UTF-8"?>
<!-- Generated by org.testng.reporters.JUnitReportReporter -->
<testsuite hostname="DESKTOP-I5SV6OR" failures="0" tests="2" name="testScript.SubCategoryTest" time="27.292" errors="0" timestamp="2025-05-04T08:14:27 IST" skipped="0">
  <testcase classname="testScript.SubCategoryTest" name="addSubCategory" time="13.812"/>
  <testcase classname="testScript.SubCategoryTest" name="updateSubCategory" time="13.480"/>
</testsuite> <!-- testScript.SubCategoryTest -->
