<?xml version="1.0" encoding="UTF-8"?>
<!-- Generated by org.testng.reporters.JUnitReportReporter -->
<testsuite hostname="DESKTOP-I5SV6OR" failures="0" tests="2" name="testScript.ManageFooterTextTest" time="25.652" errors="0" timestamp="2025-05-03T11:07:58 IST" skipped="0">
  <testcase classname="testScript.ManageFooterTextTest" name="checkifActionButtonIsPresent" time="10.300"/>
  <testcase classname="testScript.ManageFooterTextTest" name="manageFooter" time="15.352"/>
</testsuite> <!-- testScript.ManageFooterTextTest -->
